D:\VisualStudio\MSBuild\Microsoft\VC\v170\Microsoft.CppBuild.targets(534,5): warning MSB8028: The intermediate directory (x64\Debug\) contains files shared from another project (Week5_Lab.vcxproj).  This can lead to incorrect clean and rebuild behavior.
  glad.c
  wrapper_glfw.cpp
  ChunkBlock.cpp
  cube_tex.cpp
  BlockWorld.cpp
C:\Users\Sam\Desktop\GA2\Graphics-Assignment2\Assignment2\Week5_Lab\BlockWorld.cpp(380,21): warning C4305: 'argument': truncation from 'int' to 'GLboolean'
C:\Users\Sam\Desktop\GA2\Graphics-Assignment2\Assignment2\Week5_Lab\BlockWorld.cpp(380,14): warning C4309: 'argument': truncation of constant value
C:\Users\Sam\Desktop\GA2\Graphics-Assignment2\Assignment2\Week5_Lab\BlockWorld.cpp(441,21): warning C4305: 'argument': truncation from 'int' to 'GLboolean'
C:\Users\Sam\Desktop\GA2\Graphics-Assignment2\Assignment2\Week5_Lab\BlockWorld.cpp(441,14): warning C4309: 'argument': truncation of constant value
C:\Users\Sam\Desktop\GA2\Graphics-Assignment2\Assignment2\Week5_Lab\BlockWorld.cpp(609,17): warning C4244: 'initializing': conversion from 'float' to 'int', possible loss of data
C:\Users\Sam\Desktop\GA2\Graphics-Assignment2\Assignment2\Week5_Lab\BlockWorld.cpp(615,43): warning C4244: '+=': conversion from 'double' to 'float', possible loss of data
C:\Users\Sam\Desktop\GA2\Graphics-Assignment2\Assignment2\Week5_Lab\BlockWorld.cpp(616,41): warning C4244: '+=': conversion from 'double' to 'float', possible loss of data
  tiny_loader_texture.cpp
C:\Users\Sam\Desktop\GA2\Graphics-Assignment2\Assignment2\Week5_Lab\ModelLoader\tiny_loader_texture.cpp(79,58): warning C4267: '+=': conversion from 'size_t' to 'GLuint', possible loss of data
  Generating Code...
glfw3D.lib(init.obj) : warning LNK4099: PDB 'glfw3.pdb' was not found with 'glfw3D.lib(init.obj)' or at 'C:\Users\Sam\Desktop\GA2\Graphics-Assignment2\Assignment2\x64\Debug\glfw3.pdb'; linking object as if no debug info
glfw3D.lib(window.obj) : warning LNK4099: PDB 'glfw3.pdb' was not found with 'glfw3D.lib(window.obj)' or at 'C:\Users\Sam\Desktop\GA2\Graphics-Assignment2\Assignment2\x64\Debug\glfw3.pdb'; linking object as if no debug info
glfw3D.lib(input.obj) : warning LNK4099: PDB 'glfw3.pdb' was not found with 'glfw3D.lib(input.obj)' or at 'C:\Users\Sam\Desktop\GA2\Graphics-Assignment2\Assignment2\x64\Debug\glfw3.pdb'; linking object as if no debug info
glfw3D.lib(context.obj) : warning LNK4099: PDB 'glfw3.pdb' was not found with 'glfw3D.lib(context.obj)' or at 'C:\Users\Sam\Desktop\GA2\Graphics-Assignment2\Assignment2\x64\Debug\glfw3.pdb'; linking object as if no debug info
glfw3D.lib(win32_init.obj) : warning LNK4099: PDB 'glfw3.pdb' was not found with 'glfw3D.lib(win32_init.obj)' or at 'C:\Users\Sam\Desktop\GA2\Graphics-Assignment2\Assignment2\x64\Debug\glfw3.pdb'; linking object as if no debug info
glfw3D.lib(win32_monitor.obj) : warning LNK4099: PDB 'glfw3.pdb' was not found with 'glfw3D.lib(win32_monitor.obj)' or at 'C:\Users\Sam\Desktop\GA2\Graphics-Assignment2\Assignment2\x64\Debug\glfw3.pdb'; linking object as if no debug info
glfw3D.lib(win32_time.obj) : warning LNK4099: PDB 'glfw3.pdb' was not found with 'glfw3D.lib(win32_time.obj)' or at 'C:\Users\Sam\Desktop\GA2\Graphics-Assignment2\Assignment2\x64\Debug\glfw3.pdb'; linking object as if no debug info
glfw3D.lib(win32_thread.obj) : warning LNK4099: PDB 'glfw3.pdb' was not found with 'glfw3D.lib(win32_thread.obj)' or at 'C:\Users\Sam\Desktop\GA2\Graphics-Assignment2\Assignment2\x64\Debug\glfw3.pdb'; linking object as if no debug info
glfw3D.lib(monitor.obj) : warning LNK4099: PDB 'glfw3.pdb' was not found with 'glfw3D.lib(monitor.obj)' or at 'C:\Users\Sam\Desktop\GA2\Graphics-Assignment2\Assignment2\x64\Debug\glfw3.pdb'; linking object as if no debug info
glfw3D.lib(vulkan.obj) : warning LNK4099: PDB 'glfw3.pdb' was not found with 'glfw3D.lib(vulkan.obj)' or at 'C:\Users\Sam\Desktop\GA2\Graphics-Assignment2\Assignment2\x64\Debug\glfw3.pdb'; linking object as if no debug info
glfw3D.lib(win32_window.obj) : warning LNK4099: PDB 'glfw3.pdb' was not found with 'glfw3D.lib(win32_window.obj)' or at 'C:\Users\Sam\Desktop\GA2\Graphics-Assignment2\Assignment2\x64\Debug\glfw3.pdb'; linking object as if no debug info
glfw3D.lib(win32_joystick.obj) : warning LNK4099: PDB 'glfw3.pdb' was not found with 'glfw3D.lib(win32_joystick.obj)' or at 'C:\Users\Sam\Desktop\GA2\Graphics-Assignment2\Assignment2\x64\Debug\glfw3.pdb'; linking object as if no debug info
glfw3D.lib(wgl_context.obj) : warning LNK4099: PDB 'glfw3.pdb' was not found with 'glfw3D.lib(wgl_context.obj)' or at 'C:\Users\Sam\Desktop\GA2\Graphics-Assignment2\Assignment2\x64\Debug\glfw3.pdb'; linking object as if no debug info
glfw3D.lib(egl_context.obj) : warning LNK4099: PDB 'glfw3.pdb' was not found with 'glfw3D.lib(egl_context.obj)' or at 'C:\Users\Sam\Desktop\GA2\Graphics-Assignment2\Assignment2\x64\Debug\glfw3.pdb'; linking object as if no debug info
glfw3D.lib(osmesa_context.obj) : warning LNK4099: PDB 'glfw3.pdb' was not found with 'glfw3D.lib(osmesa_context.obj)' or at 'C:\Users\Sam\Desktop\GA2\Graphics-Assignment2\Assignment2\x64\Debug\glfw3.pdb'; linking object as if no debug info
  Week5_Lab.vcxproj -> C:\Users\Sam\Desktop\GA2\Graphics-Assignment2\Assignment2\x64\Debug\BlockWorld.exe
